SF:lib/features/todo/data/datasources/pokemon_remote_datasource.dart
DA:13,1
DA:15,1
DA:19,2
DA:20,2
DA:23,2
DA:24,3
DA:26,1
LF:7
LH:7
end_of_record
SF:lib/features/todo/data/models/pokemon_model.dart
DA:4,2
DA:14,2
DA:15,2
DA:16,2
DA:17,2
DA:19,12
DA:20,2
DA:21,2
DA:22,4
DA:26,0
DA:27,0
DA:28,0
DA:29,0
DA:30,0
DA:31,0
DA:32,0
LF:16
LH:9
end_of_record
SF:lib/features/todo/domain/entities/pokemon.dart
DA:11,3
DA:24,2
DA:25,2
DA:26,2
DA:27,2
DA:28,2
DA:29,2
DA:30,2
DA:31,2
LF:9
LH:9
end_of_record
SF:lib/features/todo/domain/entities/task.dart
DA:13,2
DA:22,0
DA:23,0
DA:24,0
DA:25,0
DA:26,0
DA:27,0
DA:28,0
DA:29,0
LF:9
LH:1
end_of_record
SF:lib/features/todo/domain/entities/task_status.dart
DA:18,2
LF:1
LH:1
end_of_record
SF:lib/features/todo/domain/usecases/add_task.dart
DA:8,1
DA:11,1
DA:14,2
DA:15,0
DA:18,2
LF:5
LH:4
end_of_record
SF:lib/features/todo/presentation/controllers/todo_controller.dart
DA:23,3
DA:26,1
DA:28,2
DA:30,4
DA:32,0
DA:36,0
DA:37,0
DA:38,0
DA:39,0
DA:40,0
DA:41,0
DA:42,0
DA:44,0
DA:45,0
DA:47,0
DA:48,0
DA:57,0
DA:58,0
LF:18
LH:4
end_of_record
